<?xml version="1.0" encoding="UTF-8"?>
<testng-results skipped="0" failed="0" total="1" passed="1">
  <reporter-output>
  </reporter-output>
  <suite name="Suite" duration-ms="35569" started-at="2018-12-19T13:24:36Z" finished-at="2018-12-19T13:25:12Z">
    <groups>
    </groups>
    <test name="Test" duration-ms="35569" started-at="2018-12-19T13:24:36Z" finished-at="2018-12-19T13:25:12Z">
      <class name="mavent1m1.IMP">
        <test-method status="PASS" signature="finaltest()" name="finaltest" duration-ms="35557" started-at="2018-12-19T13:24:36Z" finished-at="2018-12-19T13:25:12Z">
        </test-method>
      </class>
    </test>
  </suite>
</testng-results>
