<?xml version="1.0" encoding="UTF-8"?>
<testng-results skipped="0" failed="0" total="1" passed="1">
  <reporter-output>
  </reporter-output>
  <suite name="Suite" duration-ms="23" started-at="2018-12-10T16:50:35Z" finished-at="2018-12-10T16:50:35Z">
    <groups>
    </groups>
    <test name="Test" duration-ms="23" started-at="2018-12-10T16:50:35Z" finished-at="2018-12-10T16:50:35Z">
      <class name="mavent1m1.m2">
        <test-method status="PASS" signature="test()" name="test" duration-ms="10" started-at="2018-12-10T16:50:35Z" finished-at="2018-12-10T16:50:35Z">
        </test-method>
      </class>
    </test>
  </suite>
</testng-results>
