<?xml version="1.0" encoding="UTF-8"?>
<testng-results skipped="0" failed="0" ignored="0" total="1" passed="1">
  <reporter-output>
  </reporter-output>
  <suite name="Suite" duration-ms="47288" started-at="2018-12-19T07:41:04Z" finished-at="2018-12-19T07:41:51Z">
    <groups>
    </groups>
    <test name="Test" duration-ms="47288" started-at="2018-12-19T07:41:04Z" finished-at="2018-12-19T07:41:51Z">
      <class name="mavent1m1.IMP">
        <test-method status="PASS" signature="finaltest()[pri:0, instance:mavent1m1.IMP@27a8c74e]" name="finaltest" duration-ms="47251" started-at="2018-12-19T07:41:04Z" finished-at="2018-12-19T07:41:51Z">
          <reporter-output>
          </reporter-output>
        </test-method> <!-- finaltest -->
      </class> <!-- mavent1m1.IMP -->
    </test> <!-- Test -->
  </suite> <!-- Suite -->
</testng-results>
