<?xml version="1.0" encoding="UTF-8"?>
<testng-results skipped="0" failed="0" ignored="0" total="1" passed="1">
  <reporter-output>
  </reporter-output>
  <suite name="Default suite" duration-ms="53" started-at="2018-12-07T11:05:32Z" finished-at="2018-12-07T11:05:32Z">
    <groups>
    </groups>
    <test name="Default test" duration-ms="53" started-at="2018-12-07T11:05:32Z" finished-at="2018-12-07T11:05:32Z">
      <class name="mavent1m1.m2">
        <test-method status="PASS" signature="test()[pri:0, instance:mavent1m1.m2@27a8c74e]" name="test" duration-ms="13" started-at="2018-12-07T11:05:32Z" finished-at="2018-12-07T11:05:32Z">
          <reporter-output>
          </reporter-output>
        </test-method> <!-- test -->
      </class> <!-- mavent1m1.m2 -->
    </test> <!-- Default test -->
  </suite> <!-- Default suite -->
</testng-results>
